[1.290s] Invoking command in '/home/chandrakant/ros2_wsck/src/my_robot_controller': CONDA_PROMPT_MODIFIER=(rosenv) PYTHONPATH=/home/chandrakant/ros2_wsck/build/my_robot_controller/prefix_override:/usr/lib/python3/dist-packages/colcon_core/task/python/colcon_distutils_commands:/home/chandrakant/ros2_wsck/install/my_robot_controller/lib/python3.10/site-packages:${PYTHONPATH} /usr/bin/python3 -W ignore:setup.py install is deprecated -W ignore:easy_install command is deprecated setup.py egg_info --egg-base ../../build/my_robot_controller build --build-base /home/chandrakant/ros2_wsck/build/my_robot_controller/build install --record /home/chandrakant/ros2_wsck/build/my_robot_controller/install.log --single-version-externally-managed install_data
[1.509s] running egg_info
[1.509s] creating ../../build/my_robot_controller/my_robot_controller.egg-info
[1.510s] writing ../../build/my_robot_controller/my_robot_controller.egg-info/PKG-INFO
[1.510s] writing dependency_links to ../../build/my_robot_controller/my_robot_controller.egg-info/dependency_links.txt
[1.510s] writing entry points to ../../build/my_robot_controller/my_robot_controller.egg-info/entry_points.txt
[1.510s] writing requirements to ../../build/my_robot_controller/my_robot_controller.egg-info/requires.txt
[1.510s] writing top-level names to ../../build/my_robot_controller/my_robot_controller.egg-info/top_level.txt
[1.510s] writing manifest file '../../build/my_robot_controller/my_robot_controller.egg-info/SOURCES.txt'
[1.512s] reading manifest file '../../build/my_robot_controller/my_robot_controller.egg-info/SOURCES.txt'
[1.512s] writing manifest file '../../build/my_robot_controller/my_robot_controller.egg-info/SOURCES.txt'
[1.513s] running build
[1.513s] running build_py
[1.513s] creating /home/chandrakant/ros2_wsck/build/my_robot_controller/build
[1.513s] creating /home/chandrakant/ros2_wsck/build/my_robot_controller/build/lib
[1.513s] creating /home/chandrakant/ros2_wsck/build/my_robot_controller/build/lib/my_robot_controller
[1.513s] copying my_robot_controller/__init__.py -> /home/chandrakant/ros2_wsck/build/my_robot_controller/build/lib/my_robot_controller
[1.513s] running install
[1.513s] running install_lib
[1.514s] creating /home/chandrakant/ros2_wsck/install/my_robot_controller/lib/python3.10/site-packages/my_robot_controller
[1.514s] copying /home/chandrakant/ros2_wsck/build/my_robot_controller/build/lib/my_robot_controller/__init__.py -> /home/chandrakant/ros2_wsck/install/my_robot_controller/lib/python3.10/site-packages/my_robot_controller
[1.514s] byte-compiling /home/chandrakant/ros2_wsck/install/my_robot_controller/lib/python3.10/site-packages/my_robot_controller/__init__.py to __init__.cpython-310.pyc
[1.514s] running install_data
[1.515s] creating /home/chandrakant/ros2_wsck/install/my_robot_controller/share/ament_index
[1.515s] creating /home/chandrakant/ros2_wsck/install/my_robot_controller/share/ament_index/resource_index
[1.515s] creating /home/chandrakant/ros2_wsck/install/my_robot_controller/share/ament_index/resource_index/packages
[1.515s] copying resource/my_robot_controller -> /home/chandrakant/ros2_wsck/install/my_robot_controller/share/ament_index/resource_index/packages
[1.515s] copying package.xml -> /home/chandrakant/ros2_wsck/install/my_robot_controller/share/my_robot_controller
[1.515s] running install_egg_info
[1.516s] Copying ../../build/my_robot_controller/my_robot_controller.egg-info to /home/chandrakant/ros2_wsck/install/my_robot_controller/lib/python3.10/site-packages/my_robot_controller-0.0.0-py3.10.egg-info
[1.517s] running install_scripts
[1.537s] writing list of installed files to '/home/chandrakant/ros2_wsck/build/my_robot_controller/install.log'
[1.561s] Invoked command in '/home/chandrakant/ros2_wsck/src/my_robot_controller' returned '0': CONDA_PROMPT_MODIFIER=(rosenv) PYTHONPATH=/home/chandrakant/ros2_wsck/build/my_robot_controller/prefix_override:/usr/lib/python3/dist-packages/colcon_core/task/python/colcon_distutils_commands:/home/chandrakant/ros2_wsck/install/my_robot_controller/lib/python3.10/site-packages:${PYTHONPATH} /usr/bin/python3 -W ignore:setup.py install is deprecated -W ignore:easy_install command is deprecated setup.py egg_info --egg-base ../../build/my_robot_controller build --build-base /home/chandrakant/ros2_wsck/build/my_robot_controller/build install --record /home/chandrakant/ros2_wsck/build/my_robot_controller/install.log --single-version-externally-managed install_data
