[0.891s] DEBUG:colcon:Command line arguments: ['/usr/bin/colcon', 'build']
[0.891s] DEBUG:colcon:Parsed command line arguments: Namespace(log_base=None, log_level=None, verb_name='build', build_base='build', install_base='install', merge_install=False, symlink_install=False, test_result_base=None, continue_on_error=False, executor='parallel', parallel_workers=8, event_handlers=None, ignore_user_meta=False, metas=['./colcon.meta'], base_paths=['.'], packages_ignore=None, packages_ignore_regex=None, paths=None, packages_up_to=None, packages_up_to_regex=None, packages_above=None, packages_above_and_dependencies=None, packages_above_depth=None, packages_select_by_dep=None, packages_skip_by_dep=None, packages_skip_up_to=None, packages_select_build_failed=False, packages_skip_build_finished=False, packages_select_test_failures=False, packages_skip_test_passed=False, packages_select=None, packages_skip=None, packages_select_regex=None, packages_skip_regex=None, packages_start=None, packages_end=None, allow_overriding=[], cmake_args=None, cmake_target=None, cmake_target_skip_unavailable=False, cmake_clean_cache=False, cmake_clean_first=False, cmake_force_configure=False, ament_cmake_args=None, catkin_cmake_args=None, catkin_skip_building_tests=False, verb_parser=<colcon_defaults.argument_parser.defaults.DefaultArgumentsDecorator object at 0x79ed98646a10>, verb_extension=<colcon_core.verb.build.BuildVerb object at 0x79ed98646590>, main=<bound method BuildVerb.main of <colcon_core.verb.build.BuildVerb object at 0x79ed98646590>>)
[1.050s] Level 1:colcon.colcon_core.package_discovery:discover_packages(colcon_meta) check parameters
[1.050s] Level 1:colcon.colcon_core.package_discovery:discover_packages(recursive) check parameters
[1.050s] Level 1:colcon.colcon_core.package_discovery:discover_packages(ignore) check parameters
[1.050s] Level 1:colcon.colcon_core.package_discovery:discover_packages(path) check parameters
[1.050s] Level 1:colcon.colcon_core.package_discovery:discover_packages(colcon_meta) discover
[1.050s] Level 1:colcon.colcon_core.package_discovery:discover_packages(recursive) discover
[1.050s] INFO:colcon.colcon_core.package_discovery:Crawling recursively for packages in '/home/chandrakant/ros2_wsck/src'
[1.050s] Level 1:colcon.colcon_core.package_identification:_identify(.) by extensions ['ignore', 'ignore_ament_install']
[1.050s] Level 1:colcon.colcon_core.package_identification:_identify(.) by extension 'ignore'
[1.050s] Level 1:colcon.colcon_core.package_identification:_identify(.) by extension 'ignore_ament_install'
[1.050s] Level 1:colcon.colcon_core.package_identification:_identify(.) by extensions ['colcon_pkg']
[1.050s] Level 1:colcon.colcon_core.package_identification:_identify(.) by extension 'colcon_pkg'
[1.050s] Level 1:colcon.colcon_core.package_identification:_identify(.) by extensions ['colcon_meta']
[1.050s] Level 1:colcon.colcon_core.package_identification:_identify(.) by extension 'colcon_meta'
[1.050s] Level 1:colcon.colcon_core.package_identification:_identify(.) by extensions ['ros']
[1.050s] Level 1:colcon.colcon_core.package_identification:_identify(.) by extension 'ros'
[1.061s] Level 1:colcon.colcon_core.package_identification:_identify(.) by extensions ['cmake', 'python']
[1.062s] Level 1:colcon.colcon_core.package_identification:_identify(.) by extension 'cmake'
[1.062s] Level 1:colcon.colcon_core.package_identification:_identify(.) by extension 'python'
[1.062s] Level 1:colcon.colcon_core.package_identification:_identify(.) by extensions ['python_setup_py']
[1.062s] Level 1:colcon.colcon_core.package_identification:_identify(.) by extension 'python_setup_py'
[1.062s] Level 1:colcon.colcon_core.package_identification:_identify(build) by extensions ['ignore', 'ignore_ament_install']
[1.062s] Level 1:colcon.colcon_core.package_identification:_identify(build) by extension 'ignore'
[1.062s] Level 1:colcon.colcon_core.package_identification:_identify(build) ignored
[1.062s] Level 1:colcon.colcon_core.package_identification:_identify(install) by extensions ['ignore', 'ignore_ament_install']
[1.062s] Level 1:colcon.colcon_core.package_identification:_identify(install) by extension 'ignore'
[1.062s] Level 1:colcon.colcon_core.package_identification:_identify(install) ignored
[1.062s] Level 1:colcon.colcon_core.package_identification:_identify(log) by extensions ['ignore', 'ignore_ament_install']
[1.062s] Level 1:colcon.colcon_core.package_identification:_identify(log) by extension 'ignore'
[1.062s] Level 1:colcon.colcon_core.package_identification:_identify(log) ignored
[1.062s] Level 1:colcon.colcon_core.package_identification:_identify(my_robot_controller) by extensions ['ignore', 'ignore_ament_install']
[1.063s] Level 1:colcon.colcon_core.package_identification:_identify(my_robot_controller) by extension 'ignore'
[1.063s] Level 1:colcon.colcon_core.package_identification:_identify(my_robot_controller) by extension 'ignore_ament_install'
[1.063s] Level 1:colcon.colcon_core.package_identification:_identify(my_robot_controller) by extensions ['colcon_pkg']
[1.063s] Level 1:colcon.colcon_core.package_identification:_identify(my_robot_controller) by extension 'colcon_pkg'
[1.063s] Level 1:colcon.colcon_core.package_identification:_identify(my_robot_controller) by extensions ['colcon_meta']
[1.063s] Level 1:colcon.colcon_core.package_identification:_identify(my_robot_controller) by extension 'colcon_meta'
[1.063s] Level 1:colcon.colcon_core.package_identification:_identify(my_robot_controller) by extensions ['ros']
[1.063s] Level 1:colcon.colcon_core.package_identification:_identify(my_robot_controller) by extension 'ros'
[1.065s] DEBUG:colcon.colcon_core.package_identification:Package 'my_robot_controller' with type 'ros.ament_python' and name 'my_robot_controller'
[1.065s] Level 1:colcon.colcon_core.package_discovery:discover_packages(recursive) using defaults
[1.065s] Level 1:colcon.colcon_core.package_discovery:discover_packages(ignore) discover
[1.066s] Level 1:colcon.colcon_core.package_discovery:discover_packages(ignore) using defaults
[1.066s] Level 1:colcon.colcon_core.package_discovery:discover_packages(path) discover
[1.066s] Level 1:colcon.colcon_core.package_discovery:discover_packages(path) using defaults
[1.087s] Level 1:colcon.colcon_core.package_discovery:discover_packages(prefix_path) check parameters
[1.087s] Level 1:colcon.colcon_core.package_discovery:discover_packages(prefix_path) discover
[1.095s] DEBUG:colcon.colcon_installed_package_information.package_discovery:Found 1 installed packages in /home/chandrakant/ros2_wsck/install
[1.096s] DEBUG:colcon.colcon_installed_package_information.package_discovery:Found 271 installed packages in /opt/ros/humble
[1.098s] Level 1:colcon.colcon_core.package_discovery:discover_packages(prefix_path) using defaults
[2.355s] Level 5:colcon.colcon_core.verb:set package 'my_robot_controller' build argument 'cmake_args' from command line to 'None'
[2.355s] Level 5:colcon.colcon_core.verb:set package 'my_robot_controller' build argument 'cmake_target' from command line to 'None'
[2.355s] Level 5:colcon.colcon_core.verb:set package 'my_robot_controller' build argument 'cmake_target_skip_unavailable' from command line to 'False'
[2.355s] Level 5:colcon.colcon_core.verb:set package 'my_robot_controller' build argument 'cmake_clean_cache' from command line to 'False'
[2.355s] Level 5:colcon.colcon_core.verb:set package 'my_robot_controller' build argument 'cmake_clean_first' from command line to 'False'
[2.355s] Level 5:colcon.colcon_core.verb:set package 'my_robot_controller' build argument 'cmake_force_configure' from command line to 'False'
[2.355s] Level 5:colcon.colcon_core.verb:set package 'my_robot_controller' build argument 'ament_cmake_args' from command line to 'None'
[2.355s] Level 5:colcon.colcon_core.verb:set package 'my_robot_controller' build argument 'catkin_cmake_args' from command line to 'None'
[2.355s] Level 5:colcon.colcon_core.verb:set package 'my_robot_controller' build argument 'catkin_skip_building_tests' from command line to 'False'
[2.355s] DEBUG:colcon.colcon_core.verb:Building package 'my_robot_controller' with the following arguments: {'ament_cmake_args': None, 'build_base': '/home/chandrakant/ros2_wsck/src/build/my_robot_controller', 'catkin_cmake_args': None, 'catkin_skip_building_tests': False, 'cmake_args': None, 'cmake_clean_cache': False, 'cmake_clean_first': False, 'cmake_force_configure': False, 'cmake_target': None, 'cmake_target_skip_unavailable': False, 'install_base': '/home/chandrakant/ros2_wsck/src/install/my_robot_controller', 'merge_install': False, 'path': '/home/chandrakant/ros2_wsck/src/my_robot_controller', 'symlink_install': False, 'test_result_base': None}
[2.355s] INFO:colcon.colcon_core.executor:Executing jobs using 'parallel' executor
[2.356s] DEBUG:colcon.colcon_parallel_executor.executor.parallel:run_until_complete
[2.356s] INFO:colcon.colcon_ros.task.ament_python.build:Building ROS package in '/home/chandrakant/ros2_wsck/src/my_robot_controller' with build type 'ament_python'
[2.356s] Level 1:colcon.colcon_core.shell:create_environment_hook('my_robot_controller', 'ament_prefix_path')
[2.360s] INFO:colcon.colcon_core.plugin_system:Skipping extension 'colcon_core.shell.bat': Not used on non-Windows systems
[2.360s] INFO:colcon.colcon_core.shell:Creating environment hook '/home/chandrakant/ros2_wsck/src/install/my_robot_controller/share/my_robot_controller/hook/ament_prefix_path.ps1'
[2.376s] INFO:colcon.colcon_core.shell:Creating environment descriptor '/home/chandrakant/ros2_wsck/src/install/my_robot_controller/share/my_robot_controller/hook/ament_prefix_path.dsv'
[2.393s] INFO:colcon.colcon_core.shell:Creating environment hook '/home/chandrakant/ros2_wsck/src/install/my_robot_controller/share/my_robot_controller/hook/ament_prefix_path.sh'
[2.394s] INFO:colcon.colcon_core.shell:Skip shell extension 'powershell' for command environment: Not usable outside of PowerShell
[2.395s] DEBUG:colcon.colcon_core.shell:Skip shell extension 'dsv' for command environment
[2.685s] INFO:colcon.colcon_core.task.python.build:Building Python package in '/home/chandrakant/ros2_wsck/src/my_robot_controller'
[2.686s] INFO:colcon.colcon_core.shell:Skip shell extension 'powershell' for command environment: Not usable outside of PowerShell
[2.686s] DEBUG:colcon.colcon_core.shell:Skip shell extension 'dsv' for command environment
[3.470s] DEBUG:colcon.colcon_core.event_handler.log_command:Invoking command in '/home/chandrakant/ros2_wsck/src/my_robot_controller': CONDA_PROMPT_MODIFIER=(rosenv) PYTHONPATH=/home/chandrakant/ros2_wsck/src/build/my_robot_controller/prefix_override:/usr/lib/python3/dist-packages/colcon_core/task/python/colcon_distutils_commands:/home/chandrakant/ros2_wsck/src/install/my_robot_controller/lib/python3.10/site-packages:${PYTHONPATH} /usr/bin/python3 -W ignore:setup.py install is deprecated -W ignore:easy_install command is deprecated setup.py egg_info --egg-base ../build/my_robot_controller build --build-base /home/chandrakant/ros2_wsck/src/build/my_robot_controller/build install --record /home/chandrakant/ros2_wsck/src/build/my_robot_controller/install.log --single-version-externally-managed install_data
[3.752s] DEBUG:colcon.colcon_core.event_handler.log_command:Invoked command in '/home/chandrakant/ros2_wsck/src/my_robot_controller' returned '0': CONDA_PROMPT_MODIFIER=(rosenv) PYTHONPATH=/home/chandrakant/ros2_wsck/src/build/my_robot_controller/prefix_override:/usr/lib/python3/dist-packages/colcon_core/task/python/colcon_distutils_commands:/home/chandrakant/ros2_wsck/src/install/my_robot_controller/lib/python3.10/site-packages:${PYTHONPATH} /usr/bin/python3 -W ignore:setup.py install is deprecated -W ignore:easy_install command is deprecated setup.py egg_info --egg-base ../build/my_robot_controller build --build-base /home/chandrakant/ros2_wsck/src/build/my_robot_controller/build install --record /home/chandrakant/ros2_wsck/src/build/my_robot_controller/install.log --single-version-externally-managed install_data
[3.757s] Level 1:colcon.colcon_core.environment:checking '/home/chandrakant/ros2_wsck/src/install/my_robot_controller' for CMake module files
[3.757s] Level 1:colcon.colcon_core.environment:checking '/home/chandrakant/ros2_wsck/src/install/my_robot_controller' for CMake config files
[3.758s] Level 1:colcon.colcon_core.environment:checking '/home/chandrakant/ros2_wsck/src/install/my_robot_controller/lib'
[3.758s] Level 1:colcon.colcon_core.environment:checking '/home/chandrakant/ros2_wsck/src/install/my_robot_controller/bin'
[3.758s] Level 1:colcon.colcon_core.environment:checking '/home/chandrakant/ros2_wsck/src/install/my_robot_controller/lib/pkgconfig/my_robot_controller.pc'
[3.758s] Level 1:colcon.colcon_core.environment:checking '/home/chandrakant/ros2_wsck/src/install/my_robot_controller/lib/python3.10/site-packages'
[3.758s] Level 1:colcon.colcon_core.shell:create_environment_hook('my_robot_controller', 'pythonpath')
[3.759s] INFO:colcon.colcon_core.shell:Creating environment hook '/home/chandrakant/ros2_wsck/src/install/my_robot_controller/share/my_robot_controller/hook/pythonpath.ps1'
[3.759s] INFO:colcon.colcon_core.shell:Creating environment descriptor '/home/chandrakant/ros2_wsck/src/install/my_robot_controller/share/my_robot_controller/hook/pythonpath.dsv'
[3.759s] INFO:colcon.colcon_core.shell:Creating environment hook '/home/chandrakant/ros2_wsck/src/install/my_robot_controller/share/my_robot_controller/hook/pythonpath.sh'
[3.760s] Level 1:colcon.colcon_core.environment:checking '/home/chandrakant/ros2_wsck/src/install/my_robot_controller/bin'
[3.760s] Level 1:colcon.colcon_core.environment:create_environment_scripts_only(my_robot_controller)
[3.760s] INFO:colcon.colcon_core.shell:Creating package script '/home/chandrakant/ros2_wsck/src/install/my_robot_controller/share/my_robot_controller/package.ps1'
[3.761s] INFO:colcon.colcon_core.shell:Creating package descriptor '/home/chandrakant/ros2_wsck/src/install/my_robot_controller/share/my_robot_controller/package.dsv'
[3.762s] INFO:colcon.colcon_core.shell:Creating package script '/home/chandrakant/ros2_wsck/src/install/my_robot_controller/share/my_robot_controller/package.sh'
[3.763s] INFO:colcon.colcon_core.shell:Creating package script '/home/chandrakant/ros2_wsck/src/install/my_robot_controller/share/my_robot_controller/package.bash'
[3.779s] INFO:colcon.colcon_core.shell:Creating package script '/home/chandrakant/ros2_wsck/src/install/my_robot_controller/share/my_robot_controller/package.zsh'
[3.788s] Level 1:colcon.colcon_core.environment:create_file_with_runtime_dependencies(/home/chandrakant/ros2_wsck/src/install/my_robot_controller/share/colcon-core/packages/my_robot_controller)
[3.789s] DEBUG:colcon.colcon_parallel_executor.executor.parallel:closing loop
[3.789s] DEBUG:colcon.colcon_parallel_executor.executor.parallel:loop closed
[3.789s] DEBUG:colcon.colcon_parallel_executor.executor.parallel:run_until_complete finished with '0'
[3.789s] DEBUG:colcon.colcon_core.event_reactor:joining thread
[3.797s] INFO:colcon.colcon_core.plugin_system:Skipping extension 'colcon_notification.desktop_notification.terminal_notifier': Not used on non-Darwin systems
[3.797s] INFO:colcon.colcon_core.plugin_system:Skipping extension 'colcon_notification.desktop_notification.win32': Not used on non-Windows systems
[3.797s] INFO:colcon.colcon_notification.desktop_notification:Sending desktop notification using 'notify2'
[3.815s] DEBUG:colcon.colcon_core.event_reactor:joined thread
[3.815s] INFO:colcon.colcon_core.shell:Creating prefix script '/home/chandrakant/ros2_wsck/src/install/local_setup.ps1'
[3.816s] INFO:colcon.colcon_core.shell:Creating prefix util module '/home/chandrakant/ros2_wsck/src/install/_local_setup_util_ps1.py'
[3.819s] INFO:colcon.colcon_core.shell:Creating prefix chain script '/home/chandrakant/ros2_wsck/src/install/setup.ps1'
[3.821s] INFO:colcon.colcon_core.shell:Creating prefix script '/home/chandrakant/ros2_wsck/src/install/local_setup.sh'
[3.822s] INFO:colcon.colcon_core.shell:Creating prefix util module '/home/chandrakant/ros2_wsck/src/install/_local_setup_util_sh.py'
[3.823s] INFO:colcon.colcon_core.shell:Creating prefix chain script '/home/chandrakant/ros2_wsck/src/install/setup.sh'
[3.824s] INFO:colcon.colcon_core.shell:Creating prefix script '/home/chandrakant/ros2_wsck/src/install/local_setup.bash'
[3.825s] INFO:colcon.colcon_core.shell:Creating prefix chain script '/home/chandrakant/ros2_wsck/src/install/setup.bash'
[3.827s] INFO:colcon.colcon_core.shell:Creating prefix script '/home/chandrakant/ros2_wsck/src/install/local_setup.zsh'
[3.828s] INFO:colcon.colcon_core.shell:Creating prefix chain script '/home/chandrakant/ros2_wsck/src/install/setup.zsh'
