[1.114s] Invoking command in '/home/chandrakant/ros2_wsck/src/my_robot_controller': CONDA_PROMPT_MODIFIER=(rosenv) PYTHONPATH=/home/chandrakant/ros2_wsck/src/build/my_robot_controller/prefix_override:/usr/lib/python3/dist-packages/colcon_core/task/python/colcon_distutils_commands:/home/chandrakant/ros2_wsck/src/install/my_robot_controller/lib/python3.10/site-packages:${PYTHONPATH} /usr/bin/python3 -W ignore:setup.py install is deprecated -W ignore:easy_install command is deprecated setup.py egg_info --egg-base ../build/my_robot_controller build --build-base /home/chandrakant/ros2_wsck/src/build/my_robot_controller/build install --record /home/chandrakant/ros2_wsck/src/build/my_robot_controller/install.log --single-version-externally-managed install_data
[1.340s] running egg_info
[1.341s] creating ../build/my_robot_controller/my_robot_controller.egg-info
[1.341s] writing ../build/my_robot_controller/my_robot_controller.egg-info/PKG-INFO
[1.341s] writing dependency_links to ../build/my_robot_controller/my_robot_controller.egg-info/dependency_links.txt
[1.341s] writing entry points to ../build/my_robot_controller/my_robot_controller.egg-info/entry_points.txt
[1.341s] writing requirements to ../build/my_robot_controller/my_robot_controller.egg-info/requires.txt
[1.341s] writing top-level names to ../build/my_robot_controller/my_robot_controller.egg-info/top_level.txt
[1.341s] writing manifest file '../build/my_robot_controller/my_robot_controller.egg-info/SOURCES.txt'
[1.343s] reading manifest file '../build/my_robot_controller/my_robot_controller.egg-info/SOURCES.txt'
[1.344s] writing manifest file '../build/my_robot_controller/my_robot_controller.egg-info/SOURCES.txt'
[1.344s] running build
[1.344s] running build_py
[1.344s] creating /home/chandrakant/ros2_wsck/src/build/my_robot_controller/build
[1.344s] creating /home/chandrakant/ros2_wsck/src/build/my_robot_controller/build/lib
[1.344s] creating /home/chandrakant/ros2_wsck/src/build/my_robot_controller/build/lib/my_robot_controller
[1.345s] copying my_robot_controller/draw_circle.py -> /home/chandrakant/ros2_wsck/src/build/my_robot_controller/build/lib/my_robot_controller
[1.345s] copying my_robot_controller/my_first_node.py -> /home/chandrakant/ros2_wsck/src/build/my_robot_controller/build/lib/my_robot_controller
[1.345s] copying my_robot_controller/turtle_controller.py -> /home/chandrakant/ros2_wsck/src/build/my_robot_controller/build/lib/my_robot_controller
[1.345s] copying my_robot_controller/__init__.py -> /home/chandrakant/ros2_wsck/src/build/my_robot_controller/build/lib/my_robot_controller
[1.345s] copying my_robot_controller/talker.py -> /home/chandrakant/ros2_wsck/src/build/my_robot_controller/build/lib/my_robot_controller
[1.345s] running install
[1.345s] running install_lib
[1.346s] creating /home/chandrakant/ros2_wsck/src/install/my_robot_controller/lib/python3.10/site-packages/my_robot_controller
[1.346s] copying /home/chandrakant/ros2_wsck/src/build/my_robot_controller/build/lib/my_robot_controller/draw_circle.py -> /home/chandrakant/ros2_wsck/src/install/my_robot_controller/lib/python3.10/site-packages/my_robot_controller
[1.346s] copying /home/chandrakant/ros2_wsck/src/build/my_robot_controller/build/lib/my_robot_controller/my_first_node.py -> /home/chandrakant/ros2_wsck/src/install/my_robot_controller/lib/python3.10/site-packages/my_robot_controller
[1.346s] copying /home/chandrakant/ros2_wsck/src/build/my_robot_controller/build/lib/my_robot_controller/turtle_controller.py -> /home/chandrakant/ros2_wsck/src/install/my_robot_controller/lib/python3.10/site-packages/my_robot_controller
[1.346s] copying /home/chandrakant/ros2_wsck/src/build/my_robot_controller/build/lib/my_robot_controller/__init__.py -> /home/chandrakant/ros2_wsck/src/install/my_robot_controller/lib/python3.10/site-packages/my_robot_controller
[1.346s] copying /home/chandrakant/ros2_wsck/src/build/my_robot_controller/build/lib/my_robot_controller/talker.py -> /home/chandrakant/ros2_wsck/src/install/my_robot_controller/lib/python3.10/site-packages/my_robot_controller
[1.347s] byte-compiling /home/chandrakant/ros2_wsck/src/install/my_robot_controller/lib/python3.10/site-packages/my_robot_controller/draw_circle.py to draw_circle.cpython-310.pyc
[1.347s] byte-compiling /home/chandrakant/ros2_wsck/src/install/my_robot_controller/lib/python3.10/site-packages/my_robot_controller/my_first_node.py to my_first_node.cpython-310.pyc
[1.348s] byte-compiling /home/chandrakant/ros2_wsck/src/install/my_robot_controller/lib/python3.10/site-packages/my_robot_controller/turtle_controller.py to turtle_controller.cpython-310.pyc
[1.348s] byte-compiling /home/chandrakant/ros2_wsck/src/install/my_robot_controller/lib/python3.10/site-packages/my_robot_controller/__init__.py to __init__.cpython-310.pyc
[1.348s] byte-compiling /home/chandrakant/ros2_wsck/src/install/my_robot_controller/lib/python3.10/site-packages/my_robot_controller/talker.py to talker.cpython-310.pyc
[1.348s] running install_data
[1.348s] creating /home/chandrakant/ros2_wsck/src/install/my_robot_controller/share/ament_index
[1.348s] creating /home/chandrakant/ros2_wsck/src/install/my_robot_controller/share/ament_index/resource_index
[1.348s] creating /home/chandrakant/ros2_wsck/src/install/my_robot_controller/share/ament_index/resource_index/packages
[1.348s] copying resource/my_robot_controller -> /home/chandrakant/ros2_wsck/src/install/my_robot_controller/share/ament_index/resource_index/packages
[1.349s] copying package.xml -> /home/chandrakant/ros2_wsck/src/install/my_robot_controller/share/my_robot_controller
[1.349s] running install_egg_info
[1.350s] Copying ../build/my_robot_controller/my_robot_controller.egg-info to /home/chandrakant/ros2_wsck/src/install/my_robot_controller/lib/python3.10/site-packages/my_robot_controller-0.0.0-py3.10.egg-info
[1.351s] running install_scripts
[1.372s] Installing draw_circle script to /home/chandrakant/ros2_wsck/src/install/my_robot_controller/lib/my_robot_controller
[1.372s] Installing turtle_controller script to /home/chandrakant/ros2_wsck/src/install/my_robot_controller/lib/my_robot_controller
[1.372s] writing list of installed files to '/home/chandrakant/ros2_wsck/src/build/my_robot_controller/install.log'
[1.395s] Invoked command in '/home/chandrakant/ros2_wsck/src/my_robot_controller' returned '0': CONDA_PROMPT_MODIFIER=(rosenv) PYTHONPATH=/home/chandrakant/ros2_wsck/src/build/my_robot_controller/prefix_override:/usr/lib/python3/dist-packages/colcon_core/task/python/colcon_distutils_commands:/home/chandrakant/ros2_wsck/src/install/my_robot_controller/lib/python3.10/site-packages:${PYTHONPATH} /usr/bin/python3 -W ignore:setup.py install is deprecated -W ignore:easy_install command is deprecated setup.py egg_info --egg-base ../build/my_robot_controller build --build-base /home/chandrakant/ros2_wsck/src/build/my_robot_controller/build install --record /home/chandrakant/ros2_wsck/src/build/my_robot_controller/install.log --single-version-externally-managed install_data
