running egg_info
writing ../../build/my_robot_controller/my_robot_controller.egg-info/PKG-INFO
writing dependency_links to ../../build/my_robot_controller/my_robot_controller.egg-info/dependency_links.txt
writing entry points to ../../build/my_robot_controller/my_robot_controller.egg-info/entry_points.txt
writing requirements to ../../build/my_robot_controller/my_robot_controller.egg-info/requires.txt
writing top-level names to ../../build/my_robot_controller/my_robot_controller.egg-info/top_level.txt
reading manifest file '../../build/my_robot_controller/my_robot_controller.egg-info/SOURCES.txt'
writing manifest file '../../build/my_robot_controller/my_robot_controller.egg-info/SOURCES.txt'
running build
running build_py
copying my_robot_controller/draw_circle.py -> /home/chandrakant/ros2_wsck/build/my_robot_controller/build/lib/my_robot_controller
copying my_robot_controller/my_first_node.py -> /home/chandrakant/ros2_wsck/build/my_robot_controller/build/lib/my_robot_controller
copying my_robot_controller/turtle_controller.py -> /home/chandrakant/ros2_wsck/build/my_robot_controller/build/lib/my_robot_controller
copying my_robot_controller/__init__.py -> /home/chandrakant/ros2_wsck/build/my_robot_controller/build/lib/my_robot_controller
copying my_robot_controller/talker.py -> /home/chandrakant/ros2_wsck/build/my_robot_controller/build/lib/my_robot_controller
running install
running install_lib
running install_data
copying resource/my_robot_controller -> /home/chandrakant/ros2_wsck/install/my_robot_controller/share/ament_index/resource_index/packages
copying package.xml -> /home/chandrakant/ros2_wsck/install/my_robot_controller/share/my_robot_controller
running install_egg_info
removing '/home/chandrakant/ros2_wsck/install/my_robot_controller/lib/python3.10/site-packages/my_robot_controller-0.0.0-py3.10.egg-info' (and everything under it)
Copying ../../build/my_robot_controller/my_robot_controller.egg-info to /home/chandrakant/ros2_wsck/install/my_robot_controller/lib/python3.10/site-packages/my_robot_controller-0.0.0-py3.10.egg-info
running install_scripts
Installing draw_circle script to /home/chandrakant/ros2_wsck/install/my_robot_controller/lib/my_robot_controller
Installing first_node script to /home/chandrakant/ros2_wsck/install/my_robot_controller/lib/my_robot_controller
Installing turtle_controller script to /home/chandrakant/ros2_wsck/install/my_robot_controller/lib/my_robot_controller
writing list of installed files to '/home/chandrakant/ros2_wsck/build/my_robot_controller/install.log'
