[0.105s] DEBUG:colcon:Command line arguments: ['/usr/bin/colcon', 'list', '-p', '--base-paths', '/home/chandrakant/ros2_wsck']
[0.105s] DEBUG:colcon:Parsed command line arguments: Namespace(log_base=None, log_level=None, verb_name='list', build_base='build', ignore_user_meta=False, metas=['./colcon.meta'], base_paths=['/home/chandrakant/ros2_wsck'], packages_ignore=None, packages_ignore_regex=None, paths=None, packages_up_to=None, packages_up_to_regex=None, packages_above=None, packages_above_and_dependencies=None, packages_above_depth=None, packages_select_by_dep=None, packages_skip_by_dep=None, packages_skip_up_to=None, packages_select_build_failed=False, packages_skip_build_finished=False, packages_select_test_failures=False, packages_skip_test_passed=False, packages_select=None, packages_skip=None, packages_select_regex=None, packages_skip_regex=None, packages_start=None, packages_end=None, allow_overriding=[], topological_order=False, names_only=False, paths_only=True, topological_graph=False, topological_graph_dot=False, topological_graph_density=False, topological_graph_legend=False, topological_graph_dot_cluster=False, topological_graph_dot_include_skipped=False, verb_parser=<colcon_defaults.argument_parser.defaults.DefaultArgumentsDecorator object at 0x7a6f4b83f4f0>, verb_extension=<colcon_package_information.verb.list.ListVerb object at 0x7a6f4b97c040>, main=<bound method ListVerb.main of <colcon_package_information.verb.list.ListVerb object at 0x7a6f4b97c040>>)
[0.285s] Level 1:colcon.colcon_core.package_discovery:discover_packages(colcon_meta) check parameters
[0.285s] Level 1:colcon.colcon_core.package_discovery:discover_packages(recursive) check parameters
[0.285s] Level 1:colcon.colcon_core.package_discovery:discover_packages(ignore) check parameters
[0.285s] Level 1:colcon.colcon_core.package_discovery:discover_packages(path) check parameters
[0.285s] Level 1:colcon.colcon_core.package_discovery:discover_packages(recursive) discover
[0.285s] INFO:colcon.colcon_core.package_discovery:Crawling recursively for packages in '/home/chandrakant/ros2_wsck'
[0.285s] Level 1:colcon.colcon_core.package_identification:_identify(/home/chandrakant/ros2_wsck) by extensions ['ignore', 'ignore_ament_install']
[0.285s] Level 1:colcon.colcon_core.package_identification:_identify(/home/chandrakant/ros2_wsck) by extension 'ignore'
[0.286s] Level 1:colcon.colcon_core.package_identification:_identify(/home/chandrakant/ros2_wsck) by extension 'ignore_ament_install'
[0.286s] Level 1:colcon.colcon_core.package_identification:_identify(/home/chandrakant/ros2_wsck) by extensions ['colcon_pkg']
[0.286s] Level 1:colcon.colcon_core.package_identification:_identify(/home/chandrakant/ros2_wsck) by extension 'colcon_pkg'
[0.286s] Level 1:colcon.colcon_core.package_identification:_identify(/home/chandrakant/ros2_wsck) by extensions ['colcon_meta']
[0.286s] Level 1:colcon.colcon_core.package_identification:_identify(/home/chandrakant/ros2_wsck) by extension 'colcon_meta'
[0.286s] Level 1:colcon.colcon_core.package_identification:_identify(/home/chandrakant/ros2_wsck) by extensions ['ros']
[0.286s] Level 1:colcon.colcon_core.package_identification:_identify(/home/chandrakant/ros2_wsck) by extension 'ros'
[0.299s] Level 1:colcon.colcon_core.package_identification:_identify(/home/chandrakant/ros2_wsck) by extensions ['cmake', 'python']
[0.299s] Level 1:colcon.colcon_core.package_identification:_identify(/home/chandrakant/ros2_wsck) by extension 'cmake'
[0.299s] Level 1:colcon.colcon_core.package_identification:_identify(/home/chandrakant/ros2_wsck) by extension 'python'
[0.299s] Level 1:colcon.colcon_core.package_identification:_identify(/home/chandrakant/ros2_wsck) by extensions ['python_setup_py']
[0.300s] Level 1:colcon.colcon_core.package_identification:_identify(/home/chandrakant/ros2_wsck) by extension 'python_setup_py'
[0.300s] Level 1:colcon.colcon_core.package_identification:_identify(/home/chandrakant/ros2_wsck/build) by extensions ['ignore', 'ignore_ament_install']
[0.300s] Level 1:colcon.colcon_core.package_identification:_identify(/home/chandrakant/ros2_wsck/build) by extension 'ignore'
[0.300s] Level 1:colcon.colcon_core.package_identification:_identify(/home/chandrakant/ros2_wsck/build) ignored
[0.300s] Level 1:colcon.colcon_core.package_identification:_identify(/home/chandrakant/ros2_wsck/install) by extensions ['ignore', 'ignore_ament_install']
[0.300s] Level 1:colcon.colcon_core.package_identification:_identify(/home/chandrakant/ros2_wsck/install) by extension 'ignore'
[0.300s] Level 1:colcon.colcon_core.package_identification:_identify(/home/chandrakant/ros2_wsck/install) ignored
[0.301s] Level 1:colcon.colcon_core.package_identification:_identify(/home/chandrakant/ros2_wsck/log) by extensions ['ignore', 'ignore_ament_install']
[0.301s] Level 1:colcon.colcon_core.package_identification:_identify(/home/chandrakant/ros2_wsck/log) by extension 'ignore'
[0.301s] Level 1:colcon.colcon_core.package_identification:_identify(/home/chandrakant/ros2_wsck/log) ignored
[0.301s] Level 1:colcon.colcon_core.package_identification:_identify(/home/chandrakant/ros2_wsck/src) by extensions ['ignore', 'ignore_ament_install']
[0.301s] Level 1:colcon.colcon_core.package_identification:_identify(/home/chandrakant/ros2_wsck/src) by extension 'ignore'
[0.301s] Level 1:colcon.colcon_core.package_identification:_identify(/home/chandrakant/ros2_wsck/src) by extension 'ignore_ament_install'
[0.301s] Level 1:colcon.colcon_core.package_identification:_identify(/home/chandrakant/ros2_wsck/src) by extensions ['colcon_pkg']
[0.301s] Level 1:colcon.colcon_core.package_identification:_identify(/home/chandrakant/ros2_wsck/src) by extension 'colcon_pkg'
[0.301s] Level 1:colcon.colcon_core.package_identification:_identify(/home/chandrakant/ros2_wsck/src) by extensions ['colcon_meta']
[0.301s] Level 1:colcon.colcon_core.package_identification:_identify(/home/chandrakant/ros2_wsck/src) by extension 'colcon_meta'
[0.301s] Level 1:colcon.colcon_core.package_identification:_identify(/home/chandrakant/ros2_wsck/src) by extensions ['ros']
[0.302s] Level 1:colcon.colcon_core.package_identification:_identify(/home/chandrakant/ros2_wsck/src) by extension 'ros'
[0.302s] Level 1:colcon.colcon_core.package_identification:_identify(/home/chandrakant/ros2_wsck/src) by extensions ['cmake', 'python']
[0.302s] Level 1:colcon.colcon_core.package_identification:_identify(/home/chandrakant/ros2_wsck/src) by extension 'cmake'
[0.302s] Level 1:colcon.colcon_core.package_identification:_identify(/home/chandrakant/ros2_wsck/src) by extension 'python'
[0.302s] Level 1:colcon.colcon_core.package_identification:_identify(/home/chandrakant/ros2_wsck/src) by extensions ['python_setup_py']
[0.302s] Level 1:colcon.colcon_core.package_identification:_identify(/home/chandrakant/ros2_wsck/src) by extension 'python_setup_py'
[0.302s] Level 1:colcon.colcon_core.package_identification:_identify(/home/chandrakant/ros2_wsck/src/my_robot_controller) by extensions ['ignore', 'ignore_ament_install']
[0.302s] Level 1:colcon.colcon_core.package_identification:_identify(/home/chandrakant/ros2_wsck/src/my_robot_controller) by extension 'ignore'
[0.302s] Level 1:colcon.colcon_core.package_identification:_identify(/home/chandrakant/ros2_wsck/src/my_robot_controller) by extension 'ignore_ament_install'
[0.302s] Level 1:colcon.colcon_core.package_identification:_identify(/home/chandrakant/ros2_wsck/src/my_robot_controller) by extensions ['colcon_pkg']
[0.302s] Level 1:colcon.colcon_core.package_identification:_identify(/home/chandrakant/ros2_wsck/src/my_robot_controller) by extension 'colcon_pkg'
[0.302s] Level 1:colcon.colcon_core.package_identification:_identify(/home/chandrakant/ros2_wsck/src/my_robot_controller) by extensions ['colcon_meta']
[0.303s] Level 1:colcon.colcon_core.package_identification:_identify(/home/chandrakant/ros2_wsck/src/my_robot_controller) by extension 'colcon_meta'
[0.303s] Level 1:colcon.colcon_core.package_identification:_identify(/home/chandrakant/ros2_wsck/src/my_robot_controller) by extensions ['ros']
[0.303s] Level 1:colcon.colcon_core.package_identification:_identify(/home/chandrakant/ros2_wsck/src/my_robot_controller) by extension 'ros'
[0.307s] DEBUG:colcon.colcon_core.package_identification:Package '/home/chandrakant/ros2_wsck/src/my_robot_controller' with type 'ros.ament_python' and name 'my_robot_controller'
[0.307s] Level 1:colcon.colcon_core.package_discovery:discover_packages(recursive) using defaults
